trainning...
epocha: 1 accuracy: 0.769
epocha: 2 accuracy: 0.930083333333
epocha: 3 accuracy: 0.951216666667
epocha: 4 accuracy: 0.96165
epocha: 5 accuracy: 0.967366666667
epocha: 6 accuracy: 0.97175
epocha: 7 accuracy: 0.9747
epocha: 8 accuracy: 0.976633333333
epocha: 9 accuracy: 0.978
epocha: 10 accuracy: 0.979766666667
epocha: 11 accuracy: 0.981583333333
epocha: 12 accuracy: 0.982766666667
epocha: 13 accuracy: 0.983583333333
epocha: 14 accuracy: 0.984316666667
epocha: 15 accuracy: 0.985133333333
epocha: 16 accuracy: 0.985766666667
epocha: 17 accuracy: 0.986433333333
epocha: 18 accuracy: 0.98695
epocha: 19 accuracy: 0.987666666667
epocha: 20 accuracy: 0.98845
trainning time: 7.476715564727783
testing...
Precision class: 0 : 0.979654120041
Recall class: 0 : 0.993808049536
F1 score class: 0 : 0.986680327869
Precision class: 1 : 0.988454706927
Recall class: 1 : 0.991095280499
F1 score class: 1 : 0.989773232548
Precision class: 2 : 0.979670861568
Recall class: 2 : 0.989247311828
F1 score class: 2 : 0.984435797665
Precision class: 3 : 0.972277227723
Recall class: 3 : 0.982
F1 score class: 3 : 0.977114427861
Precision class: 4 : 0.982564102564
Recall class: 4 : 0.987628865979
F1 score class: 4 : 0.985089974293
Precision class: 5 : 0.962430939227
Recall class: 5 : 0.983069977427
F1 score class: 5 : 0.972640982691
Precision class: 6 : 0.994547437296
Recall class: 6 : 0.964059196617
F1 score class: 6 : 0.979066022544
Precision class: 7 : 0.988966900702
Recall class: 7 : 0.969518190757
F1 score class: 7 : 0.979145978153
Precision class: 8 : 0.985324947589
Recall class: 8 : 0.97510373444
F1 score class: 8 : 0.980187695516
Precision class: 9 : 0.977
Recall class: 9 : 0.9750499002
F1 score class: 9 : 0.976023976024
Epocha: 20 test accuracy: 98.1212121212 %
testing time 0.029539108276367188
