trainning...
epocha: 1 accuracy: 0.70845
epocha: 2 accuracy: 0.92045
epocha: 3 accuracy: 0.94315
epocha: 4 accuracy: 0.95515
epocha: 5 accuracy: 0.962316666667
epocha: 6 accuracy: 0.967616666667
epocha: 7 accuracy: 0.971083333333
epocha: 8 accuracy: 0.97395
epocha: 9 accuracy: 0.9758
epocha: 10 accuracy: 0.977183333333
epocha: 11 accuracy: 0.978683333333
epocha: 12 accuracy: 0.979983333333
epocha: 13 accuracy: 0.981266666667
epocha: 14 accuracy: 0.9822
epocha: 15 accuracy: 0.982933333333
epocha: 16 accuracy: 0.98405
epocha: 17 accuracy: 0.985016666667
epocha: 18 accuracy: 0.9858
epocha: 19 accuracy: 0.986433333333
epocha: 20 accuracy: 0.98715
trainning time: 113.36836886405945
testing...
Precision class: 0 : 0.980532786885
Recall class: 0 : 0.987616099071
F1 score class: 0 : 0.984061696658
Precision class: 1 : 0.990196078431
Recall class: 1 : 0.989314336598
F1 score class: 1 : 0.989755011136
Precision class: 2 : 0.98250728863
Recall class: 2 : 0.988269794721
F1 score class: 2 : 0.985380116959
Precision class: 3 : 0.972194637537
Recall class: 3 : 0.979
F1 score class: 3 : 0.975585450922
Precision class: 4 : 0.979550102249
Recall class: 4 : 0.987628865979
F1 score class: 4 : 0.983572895277
Precision class: 5 : 0.959385290889
Recall class: 5 : 0.986455981941
F1 score class: 5 : 0.972732331664
Precision class: 6 : 0.99027027027
Recall class: 6 : 0.968287526427
F1 score class: 6 : 0.979155531801
Precision class: 7 : 0.989043824701
Recall class: 7 : 0.976401179941
F1 score class: 7 : 0.982681840673
Precision class: 8 : 0.975966562173
Recall class: 8 : 0.96887966805
F1 score class: 8 : 0.972410203019
Precision class: 9 : 0.98385469223
Recall class: 9 : 0.973053892216
F1 score class: 9 : 0.9784244857
Epocha: 20 test accuracy: 98.0606060606 %
testing time 0.508594274520874
